<?xml version="1.0" encoding="UTF-8"?>
<!-- Generated by org.testng.reporters.JUnitReportReporter -->
<testsuite hostname="DESKTOP-0MSDR45" failures="0" tests="2" name="com.javaProgram.TestNG.TestAnnotation" time="0.032" errors="0" timestamp="2022-03-04T10:12:28 IST" skipped="0">
  <testcase classname="com.javaProgram.TestNG.TestAnnotation" name="Test2" time="0.016"/>
  <system-out/>
  <testcase classname="com.javaProgram.TestNG.TestAnnotation" name="Test1" time="0.016"/>
  <system-out/>
</testsuite> <!-- com.javaProgram.TestNG.TestAnnotation -->
